<?xml version="1.0" encoding="UTF-8"?>
<testng-results ignored="0" total="1" passed="1" failed="0" skipped="0">
  <reporter-output>
  </reporter-output>
  <suite started-at="2024-09-16T17:30:43 IST" name="Default suite" finished-at="2024-09-16T17:30:48 IST" duration-ms="4881">
    <groups>
      <group name="Master">
        <method signature="TC007_DeleteFromCart.Verify_DeleteFromCart()[pri:0, instance:testCases.TC007_DeleteFromCart@4409e975]" name="Verify_DeleteFromCart" class="testCases.TC007_DeleteFromCart"/>
      </group> <!-- Master -->
      <group name="Sanity">
        <method signature="TC007_DeleteFromCart.Verify_DeleteFromCart()[pri:0, instance:testCases.TC007_DeleteFromCart@4409e975]" name="Verify_DeleteFromCart" class="testCases.TC007_DeleteFromCart"/>
      </group> <!-- Sanity -->
    </groups>
    <test started-at="2024-09-16T17:30:43 IST" name="Default test" finished-at="2024-09-16T17:30:48 IST" duration-ms="4881">
      <class name="testCases.TC007_DeleteFromCart">
        <test-method is-config="true" signature="setUp(java.lang.String)[pri:0, instance:testCases.TC007_DeleteFromCart@4409e975]" started-at="2024-09-16T17:30:43 IST" name="setUp" finished-at="2024-09-16T17:30:46 IST" duration-ms="2626" status="PASS">
          <params>
            <param index="0">
              <value>
                <![CDATA[chrome]]>
              </value>
            </param>
          </params>
          <reporter-output>
          </reporter-output>
        </test-method> <!-- setUp -->
        <test-method signature="Verify_DeleteFromCart()[pri:0, instance:testCases.TC007_DeleteFromCart@4409e975]" started-at="2024-09-16T17:30:46 IST" name="Verify_DeleteFromCart" finished-at="2024-09-16T17:30:48 IST" duration-ms="2047" status="PASS">
          <reporter-output>
          </reporter-output>
        </test-method> <!-- Verify_DeleteFromCart -->
        <test-method is-config="true" signature="tearrDown()[pri:0, instance:testCases.TC007_DeleteFromCart@4409e975]" started-at="2024-09-16T17:30:48 IST" name="tearrDown" finished-at="2024-09-16T17:30:48 IST" duration-ms="165" status="PASS">
          <reporter-output>
          </reporter-output>
        </test-method> <!-- tearrDown -->
      </class> <!-- testCases.TC007_DeleteFromCart -->
    </test> <!-- Default test -->
  </suite> <!-- Default suite -->
</testng-results>
